<?xml version="1.0" encoding="UTF-8"?>
<!-- Generated by org.testng.reporters.JUnitXMLReporter -->
<testsuite ignored="1" hostname="DESKTOP-KNQTGVG" failures="0" tests="1" name="Default test" time="15.7" errors="0" timestamp="2022-12-28T22:16:26 CET">
  <testcase classname="MW.TestAutomationDesign.Tests.LoginErrorValidation" name="manuaLoggingInTest" time="5.645"/>
  <testcase classname="MW.TestAutomationDesign.Tests.LoginErrorValidation" name="loginErrorValidation" time="0.0">
    <ignored/>
  </testcase> <!-- loginErrorValidation -->
</testsuite> <!-- Default test -->
