<?xml version="1.0" encoding="UTF-8"?>
<!-- Generated by org.testng.reporters.JUnitXMLReporter -->
<testsuite ignored="7" hostname="DESKTOP-AOAICE6" failures="0" tests="2" name="Ordering Tests" time="46.015" errors="0" timestamp="2023-02-01T13:10:24 CET">
  <testcase classname="MW.TestAutomationDesign.Tests.OrderTest" name="cartCheck" time="6.168"/>
  <testcase classname="MW.TestAutomationDesign.Tests.OrderTest" name="checkAllBackbuttons" time="1.156"/>
  <testcase classname="MW.TestAutomationDesign.Tests.OrderTest" name="checkoutTexboxesFullCheck" time="0.0">
    <ignored/>
  </testcase> <!-- checkoutTexboxesFullCheck -->
  <testcase classname="MW.TestAutomationDesign.Tests.ErrorValidation" name="loginErrorValidation" time="0.0">
    <ignored/>
  </testcase> <!-- loginErrorValidation -->
  <testcase classname="MW.TestAutomationDesign.Tests.ErrorValidation" name="emptyCheckoutCheck" time="0.0">
    <ignored/>
  </testcase> <!-- emptyCheckoutCheck -->
  <testcase classname="MW.TestAutomationDesign.Tests.LoginValidation" name="LogOnSelectedUserFromDatabase" time="0.0">
    <ignored/>
  </testcase> <!-- LogOnSelectedUserFromDatabase -->
  <testcase classname="MW.TestAutomationDesign.Tests.LoginValidation" name="logOnAllUsers" time="0.0">
    <ignored/>
  </testcase> <!-- logOnAllUsers -->
  <testcase classname="MW.TestAutomationDesign.Tests.LoginValidation" name="manuaLoggingInTest" time="0.0">
    <ignored/>
  </testcase> <!-- manuaLoggingInTest -->
  <testcase classname="MW.TestAutomationDesign.Tests.DevToolsTests" name="websiteOnDifferentDeviceSize" time="0.0">
    <ignored/>
  </testcase> <!-- websiteOnDifferentDeviceSize -->
</testsuite> <!-- Ordering Tests -->
