<?xml version="1.0" encoding="UTF-8"?>
<!-- Generated by org.testng.reporters.JUnitXMLReporter -->
<testsuite ignored="12" hostname="DESKTOP-AOAICE6" failures="0" tests="0" time="0.014" errors="0" timestamp="2023-01-31T20:43:52 CET">
  <testcase classname="MW.TestAutomationDesign.Tests.ErrorValidation" name="loginErrorValidation" time="0.0">
    <ignored/>
  </testcase> <!-- loginErrorValidation -->
  <testcase classname="MW.TestAutomationDesign.Tests.DevToolsTests" name="websiteOnDifferentDeviceSize" time="0.0">
    <ignored/>
  </testcase> <!-- websiteOnDifferentDeviceSize -->
  <testcase classname="MW.TestAutomationDesign.Tests.OrderTest" name="cartCheck" time="0.0">
    <ignored/>
  </testcase> <!-- cartCheck -->
  <testcase classname="MW.TestAutomationDesign.Tests.OrderTest" name="checkoutTextboxesBasicCheck" time="0.0">
    <ignored/>
  </testcase> <!-- checkoutTextboxesBasicCheck -->
  <testcase classname="MW.TestAutomationDesign.Tests.OrderTest" name="emptyCartCheckoutCheck" time="0.0">
    <ignored/>
  </testcase> <!-- emptyCartCheckoutCheck -->
  <testcase classname="MW.TestAutomationDesign.Tests.OrderTest" name="checkoutTexboxesFullCheck" time="0.0">
    <ignored/>
  </testcase> <!-- checkoutTexboxesFullCheck -->
  <testcase classname="MW.TestAutomationDesign.Tests.OrderTest" name="checkAllBackbuttons" time="0.0">
    <ignored/>
  </testcase> <!-- checkAllBackbuttons -->
  <testcase classname="MW.TestAutomationDesign.Tests.LoginValidation" name="LogOnSelectedUserFromDatabase" time="0.0">
    <ignored/>
  </testcase> <!-- LogOnSelectedUserFromDatabase -->
  <testcase classname="MW.TestAutomationDesign.Tests.ErrorValidation" name="emptyCheckoutCheck" time="0.0">
    <ignored/>
  </testcase> <!-- emptyCheckoutCheck -->
  <testcase classname="MW.TestAutomationDesign.Tests.LoginValidation" name="logOnAllUsers" time="0.0">
    <ignored/>
  </testcase> <!-- logOnAllUsers -->
  <testcase classname="MW.TestAutomationDesign.Tests.LoginValidation" name="manuaLoggingInTest" time="0.0">
    <ignored/>
  </testcase> <!-- manuaLoggingInTest -->
  <testcase classname="MW.TestAutomationDesign.Tests.OrderTest" name="orderTest" time="0.0">
    <ignored/>
  </testcase> <!-- orderTest -->
</testsuite>
