<?xml version="1.0" encoding="UTF-8"?>
<testng-results ignored="11" total="12" passed="1" failed="0" skipped="0">
  <reporter-output>
  </reporter-output>
  <suite started-at="2023-02-02T19:13:10 CET" name="Sauce Website Automation Test" finished-at="2023-02-02T19:13:29 CET" duration-ms="19126">
    <groups>
      <group name="GeneralTest">
        <method signature="DevToolsTests.websiteOnDifferentDeviceSize()[pri:0, instance:MW.TestAutomationDesign.Tests.DevToolsTests@7d322cad]" name="websiteOnDifferentDeviceSize" class="MW.TestAutomationDesign.Tests.DevToolsTests"/>
      </group> <!-- GeneralTest -->
      <group name="DevTools">
        <method signature="DevToolsTests.websiteOnDifferentDeviceSize()[pri:0, instance:MW.TestAutomationDesign.Tests.DevToolsTests@7d322cad]" name="websiteOnDifferentDeviceSize" class="MW.TestAutomationDesign.Tests.DevToolsTests"/>
      </group> <!-- DevTools -->
    </groups>
    <test started-at="2023-02-02T19:13:10 CET" name="DevTools Test" finished-at="2023-02-02T19:13:29 CET" duration-ms="19126">
      <class name="MW.TestAutomationDesign.Tests.DevToolsTests">
        <test-method signature="websiteOnDifferentDeviceSize()[pri:0, instance:MW.TestAutomationDesign.Tests.DevToolsTests@7d322cad]" started-at="2023-02-02T19:13:10 CET" name="websiteOnDifferentDeviceSize" finished-at="2023-02-02T19:13:29 CET" duration-ms="19073" status="PASS">
          <reporter-output>
          </reporter-output>
        </test-method> <!-- websiteOnDifferentDeviceSize -->
      </class> <!-- MW.TestAutomationDesign.Tests.DevToolsTests -->
    </test> <!-- DevTools Test -->
  </suite> <!-- Sauce Website Automation Test -->
</testng-results>
